Arguments: 
  /Users/andrewfiedler/.nvm/versions/node/v10.20.1/bin/node /usr/local/Cellar/yarn/1.17.3/libexec/bin/yarn.js build

PATH: 
  /usr/local/opt/openssl@1.1/bin:/Users/andrewfiedler/.nvm/versions/node/v10.20.1/bin:/usr/local/bin:/usr/bin:/bin:/usr/sbin:/sbin:/opt/puppetlabs/bin:/usr/local/opt/openssl@1.1/bin:/Users/andrewfiedler/.nvm/versions/node/v10.20.1/bin:/repos/personal/cx-dotfiles/bin:/repos/personal/cx-dotfiles/bin

Yarn version: 
  1.17.3

Node version: 
  10.20.1

Platform: 
  darwin x64

Trace: 
  Invariant Violation: Script must exist
      at invariant (/usr/local/Cellar/yarn/1.17.3/libexec/lib/cli.js:2314:15)
      at /usr/local/Cellar/yarn/1.17.3/libexec/lib/cli.js:62331:11
      at Generator.next (<anonymous>)
      at step (/usr/local/Cellar/yarn/1.17.3/libexec/lib/cli.js:304:30)
      at /usr/local/Cellar/yarn/1.17.3/libexec/lib/cli.js:322:14
      at new Promise (<anonymous>)
      at new F (/usr/local/Cellar/yarn/1.17.3/libexec/lib/cli.js:5296:28)
      at /usr/local/Cellar/yarn/1.17.3/libexec/lib/cli.js:301:12
      at runCommand (/usr/local/Cellar/yarn/1.17.3/libexec/lib/cli.js:62403:23)
      at Object.<anonymous> (/usr/local/Cellar/yarn/1.17.3/libexec/lib/cli.js:62502:14)

npm manifest: 
  {
    "name": "cesium-assets",
    "author": "Codice",
    "description": "A wab for cesium static assets.",
    "version": "1.0.0",
    "license": "LGPL-3.0",
    "scripts": {
      "prebuild": "mkdirp target",
      "build": "",
      "postbuild": "ace package"
    },
    "dependencies": {
      "cesium": "1.44",
      "mkdirp": "0.5.1"
    },
    "files": [
      "node_modules/cesium/Build/Cesium"
    ],
    "context-path": "/search/catalog/cesium/assets",
    "devDependencies": {
      "@connexta/ace": "git://github.com/connexta/ace.git#22a942bc360fd971f25f028e0830674553d08222"
    }
  }

yarn manifest: 
  No manifest

Lockfile: 
  No lockfile
